Unity Editor version:    2020.3.19f1 (68f137dc9bbe)
Branch:                  2020.3/staging
Build type:              Release
Batch mode:              YES
macOS version:           Version 11.5.2 (Build 20G95)
Darwin version:          20.6.0
Architecture:            x86_64
Running under Rosetta:   NO
Available memory:        8192 MB
Using pre-set license
Pro License: NO

COMMAND LINE ARGUMENTS:
/Applications/Unity/Hub/Editor/2020.3.19f1/Unity.app/Contents/MacOS/Unity
-adb2
-batchMode
-noUpm
-name
AssetImportWorker0
-projectPath
/Users/kiyisi.24/Secret of Dark
-logFile
Logs/AssetImportWorker0.log
-srvPort
50929
Successfully changed project path to: /Users/kiyisi.24/Secret of Dark
/Users/kiyisi.24/Secret of Dark
Using Asset Import Pipeline V2.
Refreshing native plugins compatible for Editor in 83.17 ms, found 2 plugins.
Preloading 0 native plugins for Editor in 0.00 ms.
Initialize engine version: 2020.3.19f1 (68f137dc9bbe)
[Subsystems] Discovering subsystems at path /Applications/Unity/Hub/Editor/2020.3.19f1/Unity.app/Contents/Resources/UnitySubsystems
[Subsystems] Discovering subsystems at path /Users/kiyisi.24/Secret of Dark/Assets
GfxDevice: creating device client; threaded=0
2021-10-03 10:45:16.748 Unity[57197:5687516] Color LCD preferred device: Intel(R) UHD Graphics 617 (low power)
2021-10-03 10:45:16.748 Unity[57197:5687516] Metal devices available: 1
2021-10-03 10:45:16.748 Unity[57197:5687516] 0: Intel(R) UHD Graphics 617 (low power)
2021-10-03 10:45:16.749 Unity[57197:5687516] Using device Intel(R) UHD Graphics 617 (low power)
Initializing Metal device caps: Intel(R) UHD Graphics 617
Initialize mono
Mono path[0] = '/Applications/Unity/Hub/Editor/2020.3.19f1/Unity.app/Contents/Managed'
Mono path[1] = '/Applications/Unity/Hub/Editor/2020.3.19f1/Unity.app/Contents/MonoBleedingEdge/lib/mono/unityjit'
Mono config path = '/Applications/Unity/Hub/Editor/2020.3.19f1/Unity.app/Contents/MonoBleedingEdge/etc'
Using monoOptions --debugger-agent=transport=dt_socket,embedding=1,server=y,suspend=n,address=127.0.0.1:56197
Begin MonoManager ReloadAssembly
Registering precompiled unity dll's ...
Register platform support module: /Applications/Unity/Hub/Editor/2020.3.19f1/Unity.app/Contents/PlaybackEngines/MacStandaloneSupport/UnityEditor.OSXStandalone.Extensions.dll
Registered in 0.003846 seconds.
Native extension for OSXStandalone target not found
Refreshing native plugins compatible for Editor in 47.06 ms, found 2 plugins.
Preloading 0 native plugins for Editor in 0.00 ms.
Mono: successfully reloaded assembly
- Completed reload, in  4.433 seconds
Domain Reload Profiling:
	ReloadAssembly (4433ms)
		BeginReloadAssembly (92ms)
			ExecutionOrderSort (0ms)
			DisableScriptedObjects (0ms)
			BackupInstance (0ms)
			ReleaseScriptingObjects (0ms)
			CreateAndSetChildDomain (2ms)
		EndReloadAssembly (735ms)
			LoadAssemblies (92ms)
			RebuildTransferFunctionScriptingTraits (0ms)
			SetupTypeCache (305ms)
			ReleaseScriptCaches (0ms)
			RebuildScriptCaches (63ms)
			SetupLoadedEditorAssemblies (283ms)
				LogAssemblyErrors (0ms)
				InitializePlatformSupportModulesInManaged (6ms)
				SetLoadedEditorAssemblies (0ms)
				RefreshPlugins (47ms)
				BeforeProcessingInitializeOnLoad (12ms)
				ProcessInitializeOnLoadAttributes (162ms)
				ProcessInitializeOnLoadMethodAttributes (55ms)
				AfterProcessingInitializeOnLoad (0ms)
				EditorAssembliesLoaded (0ms)
			ExecutionOrderSort2 (0ms)
			AwakeInstancesAfterBackupRestoration (0ms)
Platform modules already initialized, skipping
Registering precompiled user dll's ...
Registered in 0.010780 seconds.
Begin MonoManager ReloadAssembly
Native extension for OSXStandalone target not found
Refreshing native plugins compatible for Editor in 0.64 ms, found 2 plugins.
Preloading 0 native plugins for Editor in 0.00 ms.
Mono: successfully reloaded assembly
- Completed reload, in  1.825 seconds
Domain Reload Profiling:
	ReloadAssembly (1827ms)
		BeginReloadAssembly (247ms)
			ExecutionOrderSort (0ms)
			DisableScriptedObjects (7ms)
			BackupInstance (0ms)
			ReleaseScriptingObjects (0ms)
			CreateAndSetChildDomain (51ms)
		EndReloadAssembly (1476ms)
			LoadAssemblies (159ms)
			RebuildTransferFunctionScriptingTraits (0ms)
			SetupTypeCache (507ms)
			ReleaseScriptCaches (1ms)
			RebuildScriptCaches (79ms)
			SetupLoadedEditorAssemblies (523ms)
				LogAssemblyErrors (0ms)
				InitializePlatformSupportModulesInManaged (14ms)
				SetLoadedEditorAssemblies (1ms)
				RefreshPlugins (1ms)
				BeforeProcessingInitializeOnLoad (97ms)
				ProcessInitializeOnLoadAttributes (400ms)
				ProcessInitializeOnLoadMethodAttributes (7ms)
				AfterProcessingInitializeOnLoad (2ms)
				EditorAssembliesLoaded (0ms)
			ExecutionOrderSort2 (0ms)
			AwakeInstancesAfterBackupRestoration (15ms)
Platform modules already initialized, skipping
Validating Project structure ... 0.002069 seconds.
Shader import version has changed; will reimport all shaders...
Upgrading shader files ...0.004594 seconds.
Application.AssetDatabase Initial Script Refresh Start
RefreshInfo: InitialScriptRefreshV2(NoUpdateAssetOptions) scanfilter:  ... 1 filters
RefreshProfiler: Total: 0.000ms
Application.AssetDatabase Initial Script Refresh End
Application.AssetDatabase.Refresh Start
Application.AssetDatabase.Refresh End
RefreshInfo: StopAssetImportingV2(ForceSynchronousImport) scanfilter: 
RefreshProfiler: Total: 0.000ms
Launching external process: /Applications/Unity/Hub/Editor/2020.3.19f1/Unity.app/Contents/Tools/UnityShaderCompiler
Launched and connected shader compiler UnityShaderCompiler after 0.04 seconds
Initializing Unity extensions:
========================================================================
Worker process is ready to serve import requests
Refreshing native plugins compatible for Editor in 0.39 ms, found 2 plugins.
Preloading 0 native plugins for Editor in 0.00 ms.
Unloading 1401 Unused Serialized files (Serialized files now loaded: 0)
System memory in use before: 158.8 MB.
System memory in use after: 157.9 MB.

Unloading 80 unused Assets to reduce memory usage. Loaded Objects now: 1875.
Total: 5.052724 ms (FindLiveObjects: 0.268156 ms CreateObjectMapping: 0.071868 ms MarkObjects: 3.936243 ms  DeleteObjects: 0.775084 ms)

AssetImportParameters requested are different than current active one (requested -> active):
  custom:video-decoder-ogg-theora: a1e56fd34408186e4bbccfd4996cb3dc -> 
  custom:container-muxer-webm: aa71ff27fc2769a1b78a27578f13a17b -> 
  custom:container-demuxer-webm: 4f35f7cbe854078d1ac9338744f61a02 -> 
  custom:container-demuxer-ogg: 62fdf1f143b41e24485cea50d1cbac27 -> 
  custom:video-encoder-webm-vp8: eb34c28f22e8b96e1ab97ce403110664 -> 
  custom:framework-osx-AVFoundation: e770b220cccbd017edd2c1fefb359320 -> 
  custom:video-decoder-webm-vp8: 9c59270c3fd7afecdb556c50c9e8de78 -> 
  custom:audio-decoder-ogg-vorbis: bf7c407c2cedff20999df2af8eb42d56 -> 
  custom:audio-encoder-webm-vorbis: bf7c407c2cedff20999df2af8eb42d56 -> 
========================================================================
Received Import Request.
  path: Assets/Kevin Iglesias/Basic Motions/Animations/Idles/BasicMotions@Idle02.fbx
  artifactKey: Guid(69d59c13a83a7c74a8cc0607ded391ec) Importer(815301076,1909f56bfc062723c751e8b465ee728b)
Start importing Assets/Kevin Iglesias/Basic Motions/Animations/Idles/BasicMotions@Idle02.fbx using Guid(69d59c13a83a7c74a8cc0607ded391ec) Importer(815301076,1909f56bfc062723c751e8b465ee728b)  -> (artifact id: '8b88bde1e913ab15a59b67c739686c8b') in 2.693925 seconds 
  Import took 2.703372 seconds .

========================================================================
Received Import Request.
  Time since last request: 0.005003 seconds.
  path: Assets/Kevin Iglesias/Basic Motions/Animations/Movement/BasicMotions@Walk01 [RM].fbx
  artifactKey: Guid(bd1c2e9064da28e4fb0fe4a3f6ff4e33) Importer(815301076,1909f56bfc062723c751e8b465ee728b)
Start importing Assets/Kevin Iglesias/Basic Motions/Animations/Movement/BasicMotions@Walk01 [RM].fbx using Guid(bd1c2e9064da28e4fb0fe4a3f6ff4e33) Importer(815301076,1909f56bfc062723c751e8b465ee728b)  -> (artifact id: '0c82ff23b2a774cd0fda875fce7ae9f3') in 0.037888 seconds 
  Import took 0.044144 seconds .

========================================================================
Received Import Request.
  Time since last request: 0.000381 seconds.
  path: Assets/Kevin Iglesias/Basic Motions/Materials/BasicMotionsFloor.mat
  artifactKey: Guid(02490f38574ec9541a91585b214de9f6) Importer(815301076,1909f56bfc062723c751e8b465ee728b)
Start importing Assets/Kevin Iglesias/Basic Motions/Materials/BasicMotionsFloor.mat using Guid(02490f38574ec9541a91585b214de9f6) Importer(815301076,1909f56bfc062723c751e8b465ee728b)  -> (artifact id: '190333b16238bfaa1fe9e1031cd434cb') in 0.656834 seconds 
  Import took 0.662467 seconds .

========================================================================
Received Import Request.
  Time since last request: 0.003571 seconds.
  path: Assets/Kevin Iglesias/Basic Motions/Materials/BasicMotionsMaterial.mat
  artifactKey: Guid(ccc50d631d14df84a982c4f4acd00013) Importer(815301076,1909f56bfc062723c751e8b465ee728b)
Start importing Assets/Kevin Iglesias/Basic Motions/Materials/BasicMotionsMaterial.mat using Guid(ccc50d631d14df84a982c4f4acd00013) Importer(815301076,1909f56bfc062723c751e8b465ee728b)  -> (artifact id: '874d0523420dfef274515930387bdd83') in 1.163919 seconds 
  Import took 1.169009 seconds .

========================================================================
Received Import Request.
  Time since last request: 0.000359 seconds.
  path: Assets/Kevin Iglesias/Basic Motions/Animations/Idles/BasicMotions@Idle01.fbx
  artifactKey: Guid(a3422ad278cd9a94aa3da8e6bff9deea) Importer(815301076,1909f56bfc062723c751e8b465ee728b)
Start importing Assets/Kevin Iglesias/Basic Motions/Animations/Idles/BasicMotions@Idle01.fbx using Guid(a3422ad278cd9a94aa3da8e6bff9deea) Importer(815301076,1909f56bfc062723c751e8b465ee728b)  -> (artifact id: '52bf5ec27c4c61252375d35bfc2153e7') in 0.022298 seconds 
  Import took 0.027444 seconds .

========================================================================
Received Import Request.
  Time since last request: 0.000463 seconds.
  path: Assets/Kevin Iglesias/Basic Motions/Animations/Movement/BasicMotions@Jump01.fbx
  artifactKey: Guid(067cc188e25b78b4a940a9fa67cd6ee7) Importer(815301076,1909f56bfc062723c751e8b465ee728b)
Start importing Assets/Kevin Iglesias/Basic Motions/Animations/Movement/BasicMotions@Jump01.fbx using Guid(067cc188e25b78b4a940a9fa67cd6ee7) Importer(815301076,1909f56bfc062723c751e8b465ee728b)  -> (artifact id: 'f9bd9fab28bacbb349b8d1468502a7c4') in 0.025345 seconds 
  Import took 0.029922 seconds .

========================================================================
Received Import Request.
  Time since last request: 0.000354 seconds.
  path: Assets/Kevin Iglesias/Basic Motions/Animations/Movement/BasicMotions@Walk01.fbx
  artifactKey: Guid(0536f044bd409ff419dd726bc69d2676) Importer(815301076,1909f56bfc062723c751e8b465ee728b)
Start importing Assets/Kevin Iglesias/Basic Motions/Animations/Movement/BasicMotions@Walk01.fbx using Guid(0536f044bd409ff419dd726bc69d2676) Importer(815301076,1909f56bfc062723c751e8b465ee728b)  -> (artifact id: '4fae0cb72bbda8c40fb77f7433e5e29b') in 0.029820 seconds 
  Import took 0.035549 seconds .

========================================================================
Received Import Request.
  Time since last request: 0.000356 seconds.
  path: Assets/Kevin Iglesias/Basic Motions/Animations/Movement/BasicMotions@Run01 [RM].fbx
  artifactKey: Guid(154a724602422044c91070a5f3c67c11) Importer(815301076,1909f56bfc062723c751e8b465ee728b)
Start importing Assets/Kevin Iglesias/Basic Motions/Animations/Movement/BasicMotions@Run01 [RM].fbx using Guid(154a724602422044c91070a5f3c67c11) Importer(815301076,1909f56bfc062723c751e8b465ee728b)  -> (artifact id: '0b1b9c1573458fa294e5020f04ecbd77') in 0.027999 seconds 
  Import took 0.033038 seconds .

========================================================================
Received Import Request.
  Time since last request: 0.000342 seconds.
  path: Assets/Kevin Iglesias/Basic Motions/Animations/Movement/BasicMotions@Sprint01 [RM].fbx
  artifactKey: Guid(7eebd174ff53112419b27f9d903573d7) Importer(815301076,1909f56bfc062723c751e8b465ee728b)
Start importing Assets/Kevin Iglesias/Basic Motions/Animations/Movement/BasicMotions@Sprint01 [RM].fbx using Guid(7eebd174ff53112419b27f9d903573d7) Importer(815301076,1909f56bfc062723c751e8b465ee728b)  -> (artifact id: 'a01e1b5747d5b017afdd74e6317f5ac7') in 0.023227 seconds 
  Import took 0.028656 seconds .

========================================================================
Received Import Request.
  Time since last request: 0.000325 seconds.
  path: Assets/Kevin Iglesias/Basic Motions/Animations/Movement/BasicMotions@Sprint01.fbx
  artifactKey: Guid(98d8219075968bd43b75fdba6b4463d3) Importer(815301076,1909f56bfc062723c751e8b465ee728b)
Start importing Assets/Kevin Iglesias/Basic Motions/Animations/Movement/BasicMotions@Sprint01.fbx using Guid(98d8219075968bd43b75fdba6b4463d3) Importer(815301076,1909f56bfc062723c751e8b465ee728b)  -> (artifact id: '70740d7924ae445ae86a44fb38c0a37e') in 0.020710 seconds 
  Import took 0.026677 seconds .

========================================================================
Received Import Request.
  Time since last request: 0.000350 seconds.
  path: Assets/Kevin Iglesias/Basic Motions/Animations/Movement/BasicMotions@Run01.fbx
  artifactKey: Guid(46d5b47e60163f148ada32ff97c7aa32) Importer(815301076,1909f56bfc062723c751e8b465ee728b)
Start importing Assets/Kevin Iglesias/Basic Motions/Animations/Movement/BasicMotions@Run01.fbx using Guid(46d5b47e60163f148ada32ff97c7aa32) Importer(815301076,1909f56bfc062723c751e8b465ee728b)  -> (artifact id: 'b11e65b570fc7d54f0592b9a69940d15') in 0.028882 seconds 
  Import took 0.034071 seconds .

========================================================================
Received Import Request.
  Time since last request: 1.208195 seconds.
  path: Assets
  artifactKey: Guid(00000000000000001000000000000000) Importer(815301076,1909f56bfc062723c751e8b465ee728b)
Start importing Assets using Guid(00000000000000001000000000000000) Importer(815301076,1909f56bfc062723c751e8b465ee728b)  -> (artifact id: '42d402b061de3733987d63b9cc3b64de') in 0.004119 seconds 
  Import took 0.009524 seconds .

